
> pokedexcli@1.0.0 dev
> npx tsc && node dist/main.js

Welcome to the Pokedex!
Usage:

exit: Exits the pokedex
help: Displays the help message
map: Displays 20 locations from the PokeAPI.
mapb: Displays the previous 20 locations from the PokeAPI.
explore: Displays the Pokemon in the given location.
Pokedex > run string args: pastoria-city-area
Exploring pastoria-city-area...
Added https://pokeapi.co/api/v2/location-area/pastoria-city-area to the cache.
Found Pokemon:
- tentacool
- tentacruel
- magikarp
- gyarados
- remoraid
- octillery
- wingull
- pelipper
- shellos
- gastrodon
Pokedex > run string args: exit
Closing the Pokedex... Goodbye!
